<?xml version="1.0" encoding="UTF-8"?>
<!-- Generated by org.testng.reporters.JUnitReportReporter -->
<testsuite hostname="mds-MacBook-Pro.fios-router.home" failures="0" tests="1" name="com.gits.payment.tests.UserList" time="3.536" errors="0" timestamp="2023-05-08T10:00:46 EDT" skipped="0">
  <testcase classname="com.gits.payment.tests.UserList" name="userList" time="3.536"/>
  <system-out/>
</testsuite> <!-- com.gits.payment.tests.UserList -->
