<?xml version="1.0" encoding="UTF-8"?>
<!-- Generated by org.testng.reporters.JUnitReportReporter -->
<testsuite hostname="DESKTOP-S2JR911" failures="0" tests="1" name="com.app.theInternetHerokuapp.tests.LoginPage.TestInvalidPassword" time="15.655" errors="0" timestamp="2023-05-06T11:20:25 BDT" skipped="0">
  <testcase classname="com.app.theInternetHerokuapp.tests.LoginPage.TestInvalidPassword" name="invalidPassword" time="15.655"/>
  <system-out/>
</testsuite> <!-- com.app.theInternetHerokuapp.tests.LoginPage.TestInvalidPassword -->
