<?xml version="1.0" encoding="UTF-8"?>
<!-- Generated by org.testng.reporters.JUnitReportReporter -->
<testsuite hostname="DESKTOP-S2JR911" failures="0" tests="1" name="com.app.theInternetHerokuapp.tests.LoginPage.TestInvalidPassword" time="5.757" errors="0" timestamp="2023-04-28T07:52:09 BDT" skipped="0">
  <testcase classname="com.app.theInternetHerokuapp.tests.LoginPage.TestInvalidPassword" name="invalidPassword" time="5.757"/>
  <system-out/>
</testsuite> <!-- com.app.theInternetHerokuapp.tests.LoginPage.TestInvalidPassword -->
