<?xml version="1.0" encoding="UTF-8"?>
<!-- Generated by org.testng.reporters.JUnitReportReporter -->
<testsuite hostname="DESKTOP-UQOH7QV" failures="0" tests="1" name="com.herokuapp.javaSeleniumAutomationTest.testCases.ContextMenuTest" time="13.206" errors="0" timestamp="2023-05-18T02:57:47 BDT" skipped="0">
  <testcase classname="com.herokuapp.javaSeleniumAutomationTest.testCases.ContextMenuTest" name="contextMenu" time="13.206"/>
  <system-out/>
</testsuite> <!-- com.herokuapp.javaSeleniumAutomationTest.testCases.ContextMenuTest -->
