<?xml version="1.0" encoding="UTF-8"?>
<!-- Generated by org.testng.reporters.JUnitReportReporter -->
<testsuite hostname="DESKTOP-C6OQV70" failures="0" tests="1" name="selenium.java.internetHerokuapp.testCases.landingPage.LandingPageValidation" time="7.829" errors="0" timestamp="16 Apr 2023 20:18:18 GMT" skipped="0">
  <testcase classname="selenium.java.internetHerokuapp.testCases.landingPage.LandingPageValidation" name="landingPageValidation" time="7.829"/>
</testsuite> <!-- selenium.java.internetHerokuapp.testCases.landingPage.LandingPageValidation -->
