<?xml version="1.0" encoding="UTF-8"?>
<!-- Generated by org.testng.reporters.JUnitReportReporter -->
<testsuite hostname="DESKTOP-S2JR911" failures="0" tests="1" name="com.theinternetherokuapp.javaSelenium.testCases.formAuthentication.TestValidUsernameInvalidPassword" time="13.973" errors="0" timestamp="2023-04-15T19:05:20 BDT" skipped="0">
  <testcase classname="com.theinternetherokuapp.javaSelenium.testCases.formAuthentication.TestValidUsernameInvalidPassword" name="invalidUsernameValidPassword" time="13.973"/>
  <system-out/>
</testsuite> <!-- com.theinternetherokuapp.javaSelenium.testCases.formAuthentication.TestValidUsernameInvalidPassword -->
